# JRE version: OpenJDK Runtime Environment (8.0_51-b16) (build 1.8.0_51-b16)
# Java VM: OpenJDK 64-Bit Server VM (25.51-b03 mixed mode linux-amd64 compressed oops)
Heap:
 def new generation   total 9280K, used 0K [0x00000000e2a00000, 0x00000000e3410000, 0x00000000ec6a0000)
  eden space 8256K,   0% used [0x00000000e2a00000, 0x00000000e2a00000, 0x00000000e3210000)
  from space 1024K,   0% used [0x00000000e3210000, 0x00000000e3210000, 0x00000000e3310000)
  to   space 1024K,   0% used [0x00000000e3310000, 0x00000000e3310000, 0x00000000e3410000)
 tenured generation   total 20480K, used 5584K [0x00000000ec6a0000, 0x00000000edaa0000, 0x0000000100000000)
   the space 20480K,  27% used [0x00000000ec6a0000, 0x00000000ecc142b8, 0x00000000ecc14400, 0x00000000edaa0000)
 Metaspace       used 13867K, capacity 14136K, committed 14464K, reserved 1062912K
  class space    used 1475K, capacity 1550K, committed 1664K, reserved 1048576K
GC Heap History (10 events):
Event: 1.979 GC heap before
{Heap before GC invocations=2 (full 0):
 def new generation   total 9216K, used 9215K [0x00000000e2a00000, 0x00000000e3400000, 0x00000000ec6a0000)
  eden space 8192K, 100% used [0x00000000e2a00000, 0x00000000e3200000, 0x00000000e3200000)
  from space 1024K,  99% used [0x00000000e3200000, 0x00000000e32ffff8, 0x00000000e3300000)
  to   space 1024K,   0% used [0x00000000e3300000, 0x00000000e3300000, 0x00000000e3400000)
 tenured generation   total 20480K, used 2467K [0x00000000ec6a0000, 0x00000000edaa0000, 0x0000000100000000)
   the space 20480K,  12% used [0x00000000ec6a0000, 0x00000000ec908dd0, 0x00000000ec908e00, 0x00000000edaa0000)
 Metaspace       used 10274K, capacity 10470K, committed 10624K, reserved 1058816K
  class space    used 1062K, capacity 1143K, committed 1152K, reserved 1048576K
Event: 1.984 GC heap after
Heap after GC invocations=3 (full 0):
 def new generation   total 9216K, used 1024K [0x00000000e2a00000, 0x00000000e3400000, 0x00000000ec6a0000)
  eden space 8192K,   0% used [0x00000000e2a00000, 0x00000000e2a00000, 0x00000000e3200000)
  from space 1024K, 100% used [0x00000000e3300000, 0x00000000e3400000, 0x00000000e3400000)
  to   space 1024K,   0% used [0x00000000e3200000, 0x00000000e3200000, 0x00000000e3300000)
 tenured generation   total 20480K, used 3173K [0x00000000ec6a0000, 0x00000000edaa0000, 0x0000000100000000)
   the space 20480K,  15% used [0x00000000ec6a0000, 0x00000000ec9b9500, 0x00000000ec9b9600, 0x00000000edaa0000)
 Metaspace       used 10274K, capacity 10470K, committed 10624K, reserved 1058816K
  class space    used 1062K, capacity 1143K, committed 1152K, reserved 1048576K
}
Event: 2.522 GC heap before
{Heap before GC invocations=3 (full 0):
 def new generation   total 9216K, used 9216K [0x00000000e2a00000, 0x00000000e3400000, 0x00000000ec6a0000)
  eden space 8192K, 100% used [0x00000000e2a00000, 0x00000000e3200000, 0x00000000e3200000)
  from space 1024K, 100% used [0x00000000e3300000, 0x00000000e3400000, 0x00000000e3400000)
  to   space 1024K,   0% used [0x00000000e3200000, 0x00000000e3200000, 0x00000000e3300000)
 tenured generation   total 20480K, used 3173K [0x00000000ec6a0000, 0x00000000edaa0000, 0x0000000100000000)
   the space 20480K,  15% used [0x00000000ec6a0000, 0x00000000ec9b9500, 0x00000000ec9b9600, 0x00000000edaa0000)
 Metaspace       used 11931K, capacity 12192K, committed 12416K, reserved 1060864K
  class space    used 1258K, capacity 1354K, committed 1408K, reserved 1048576K
Event: 2.527 GC heap after
Heap after GC invocations=4 (full 0):
 def new generation   total 9216K, used 1023K [0x00000000e2a00000, 0x00000000e3400000, 0x00000000ec6a0000)
  eden space 8192K,   0% used [0x00000000e2a00000, 0x00000000e2a00000, 0x00000000e3200000)
  from space 1024K,  99% used [0x00000000e3200000, 0x00000000e32ffff8, 0x00000000e3300000)
  to   space 1024K,   0% used [0x00000000e3300000, 0x00000000e3300000, 0x00000000e3400000)
 tenured generation   total 20480K, used 3964K [0x00000000ec6a0000, 0x00000000edaa0000, 0x0000000100000000)
   the space 20480K,  19% used [0x00000000ec6a0000, 0x00000000eca7f1c0, 0x00000000eca7f200, 0x00000000edaa0000)
 Metaspace       used 11931K, capacity 12192K, committed 12416K, reserved 1060864K
  class space    used 1258K, capacity 1354K, committed 1408K, reserved 1048576K
}
Event: 2.988 GC heap before
{Heap before GC invocations=4 (full 0):
 def new generation   total 9216K, used 9215K [0x00000000e2a00000, 0x00000000e3400000, 0x00000000ec6a0000)
  eden space 8192K, 100% used [0x00000000e2a00000, 0x00000000e3200000, 0x00000000e3200000)
  from space 1024K,  99% used [0x00000000e3200000, 0x00000000e32ffff8, 0x00000000e3300000)
  to   space 1024K,   0% used [0x00000000e3300000, 0x00000000e3300000, 0x00000000e3400000)
 tenured generation   total 20480K, used 3964K [0x00000000ec6a0000, 0x00000000edaa0000, 0x0000000100000000)
   the space 20480K,  19% used [0x00000000ec6a0000, 0x00000000eca7f1c0, 0x00000000eca7f200, 0x00000000edaa0000)
 Metaspace       used 12975K, capacity 13240K, committed 13568K, reserved 1060864K
  class space    used 1367K, capacity 1422K, committed 1536K, reserved 1048576K
Event: 2.993 GC heap after
Heap after GC invocations=5 (full 0):
 def new generation   total 9216K, used 1023K [0x00000000e2a00000, 0x00000000e3400000, 0x00000000ec6a0000)
  eden space 8192K,   0% used [0x00000000e2a00000, 0x00000000e2a00000, 0x00000000e3200000)
  from space 1024K,  99% used [0x00000000e3300000, 0x00000000e33fffd8, 0x00000000e3400000)
  to   space 1024K,   0% used [0x00000000e3200000, 0x00000000e3200000, 0x00000000e3300000)
 tenured generation   total 20480K, used 4609K [0x00000000ec6a0000, 0x00000000edaa0000, 0x0000000100000000)
   the space 20480K,  22% used [0x00000000ec6a0000, 0x00000000ecb20418, 0x00000000ecb20600, 0x00000000edaa0000)
 Metaspace       used 12975K, capacity 13240K, committed 13568K, reserved 1060864K
  class space    used 1367K, capacity 1422K, committed 1536K, reserved 1048576K
}
Event: 3.191 GC heap before
{Heap before GC invocations=5 (full 0):
 def new generation   total 9216K, used 9215K [0x00000000e2a00000, 0x00000000e3400000, 0x00000000ec6a0000)
  eden space 8192K, 100% used [0x00000000e2a00000, 0x00000000e3200000, 0x00000000e3200000)
  from space 1024K,  99% used [0x00000000e3300000, 0x00000000e33fffd8, 0x00000000e3400000)
  to   space 1024K,   0% used [0x00000000e3200000, 0x00000000e3200000, 0x00000000e3300000)
 tenured generation   total 20480K, used 4609K [0x00000000ec6a0000, 0x00000000edaa0000, 0x0000000100000000)
   the space 20480K,  22% used [0x00000000ec6a0000, 0x00000000ecb20418, 0x00000000ecb20600, 0x00000000edaa0000)
 Metaspace       used 13232K, capacity 13464K, committed 13824K, reserved 1060864K
  class space    used 1398K, capacity 1454K, committed 1536K, reserved 1048576K
Event: 3.194 GC heap after
Heap after GC invocations=6 (full 0):
 def new generation   total 9216K, used 522K [0x00000000e2a00000, 0x00000000e3400000, 0x00000000ec6a0000)
  eden space 8192K,   0% used [0x00000000e2a00000, 0x00000000e2a00000, 0x00000000e3200000)
  from space 1024K,  51% used [0x00000000e3200000, 0x00000000e3282b00, 0x00000000e3300000)
  to   space 1024K,   0% used [0x00000000e3300000, 0x00000000e3300000, 0x00000000e3400000)
 tenured generation   total 20480K, used 5339K [0x00000000ec6a0000, 0x00000000edaa0000, 0x0000000100000000)
   the space 20480K,  26% used [0x00000000ec6a0000, 0x00000000ecbd6eb8, 0x00000000ecbd7000, 0x00000000edaa0000)
 Metaspace       used 13232K, capacity 13464K, committed 13824K, reserved 1060864K
  class space    used 1398K, capacity 1454K, committed 1536K, reserved 1048576K
}
Event: 3.419 GC heap before
{Heap before GC invocations=6 (full 0):
 def new generation   total 9216K, used 6599K [0x00000000e2a00000, 0x00000000e3400000, 0x00000000ec6a0000)
  eden space 8192K,  74% used [0x00000000e2a00000, 0x00000000e2fef468, 0x00000000e3200000)
  from space 1024K,  51% used [0x00000000e3200000, 0x00000000e3282b00, 0x00000000e3300000)
  to   space 1024K,   0% used [0x00000000e3300000, 0x00000000e3300000, 0x00000000e3400000)
 tenured generation   total 20480K, used 5339K [0x00000000ec6a0000, 0x00000000edaa0000, 0x0000000100000000)
   the space 20480K,  26% used [0x00000000ec6a0000, 0x00000000ecbd6eb8, 0x00000000ecbd7000, 0x00000000edaa0000)
 Metaspace       used 13867K, capacity 14136K, committed 14464K, reserved 1062912K
  class space    used 1475K, capacity 1550K, committed 1664K, reserved 1048576K
Event: 3.443 GC heap after
Heap after GC invocations=7 (full 1):
 def new generation   total 9280K, used 0K [0x00000000e2a00000, 0x00000000e3410000, 0x00000000ec6a0000)
  eden space 8256K,   0% used [0x00000000e2a00000, 0x00000000e2a00000, 0x00000000e3210000)
  from space 1024K,   0% used [0x00000000e3210000, 0x00000000e3210000, 0x00000000e3310000)
  to   space 1024K,   0% used [0x00000000e3310000, 0x00000000e3310000, 0x00000000e3410000)
 tenured generation   total 20480K, used 5584K [0x00000000ec6a0000, 0x00000000edaa0000, 0x0000000100000000)
   the space 20480K,  27% used [0x00000000ec6a0000, 0x00000000ecc142b8, 0x00000000ecc14400, 0x00000000edaa0000)
 Metaspace       used 13867K, capacity 14136K, committed 14464K, reserved 1062912K
  class space    used 1475K, capacity 1550K, committed 1664K, reserved 1048576K
}

