# JRE version: OpenJDK Runtime Environment (8.0_51-b16) (build 1.8.0_51-b16)
# Java VM: OpenJDK 64-Bit Server VM (25.51-b03 mixed mode linux-amd64 compressed oops)
Heap:
 def new generation   total 9280K, used 0K [0x00000000e2a00000, 0x00000000e3410000, 0x00000000ec6a0000)
  eden space 8256K,   0% used [0x00000000e2a00000, 0x00000000e2a00000, 0x00000000e3210000)
  from space 1024K,   0% used [0x00000000e3210000, 0x00000000e3210000, 0x00000000e3310000)
  to   space 1024K,   0% used [0x00000000e3310000, 0x00000000e3310000, 0x00000000e3410000)
 tenured generation   total 20480K, used 5744K [0x00000000ec6a0000, 0x00000000edaa0000, 0x0000000100000000)
   the space 20480K,  28% used [0x00000000ec6a0000, 0x00000000ecc3c3e8, 0x00000000ecc3c400, 0x00000000edaa0000)
 Metaspace       used 14025K, capacity 14264K, committed 14464K, reserved 1062912K
  class space    used 1475K, capacity 1550K, committed 1664K, reserved 1048576K
GC Heap History (10 events):
Event: 2.116 GC heap before
{Heap before GC invocations=2 (full 0):
 def new generation   total 9216K, used 9215K [0x00000000e2a00000, 0x00000000e3400000, 0x00000000ec6a0000)
  eden space 8192K, 100% used [0x00000000e2a00000, 0x00000000e3200000, 0x00000000e3200000)
  from space 1024K,  99% used [0x00000000e3200000, 0x00000000e32ffff8, 0x00000000e3300000)
  to   space 1024K,   0% used [0x00000000e3300000, 0x00000000e3300000, 0x00000000e3400000)
 tenured generation   total 20480K, used 2664K [0x00000000ec6a0000, 0x00000000edaa0000, 0x0000000100000000)
   the space 20480K,  13% used [0x00000000ec6a0000, 0x00000000ec93a250, 0x00000000ec93a400, 0x00000000edaa0000)
 Metaspace       used 10365K, capacity 10524K, committed 10624K, reserved 1058816K
  class space    used 1058K, capacity 1140K, committed 1152K, reserved 1048576K
Event: 2.122 GC heap after
Heap after GC invocations=3 (full 0):
 def new generation   total 9216K, used 1024K [0x00000000e2a00000, 0x00000000e3400000, 0x00000000ec6a0000)
  eden space 8192K,   0% used [0x00000000e2a00000, 0x00000000e2a00000, 0x00000000e3200000)
  from space 1024K, 100% used [0x00000000e3300000, 0x00000000e3400000, 0x00000000e3400000)
  to   space 1024K,   0% used [0x00000000e3200000, 0x00000000e3200000, 0x00000000e3300000)
 tenured generation   total 20480K, used 3375K [0x00000000ec6a0000, 0x00000000edaa0000, 0x0000000100000000)
   the space 20480K,  16% used [0x00000000ec6a0000, 0x00000000ec9ebc80, 0x00000000ec9ebe00, 0x00000000edaa0000)
 Metaspace       used 10365K, capacity 10524K, committed 10624K, reserved 1058816K
  class space    used 1058K, capacity 1140K, committed 1152K, reserved 1048576K
}
Event: 2.654 GC heap before
{Heap before GC invocations=3 (full 0):
 def new generation   total 9216K, used 9213K [0x00000000e2a00000, 0x00000000e3400000, 0x00000000ec6a0000)
  eden space 8192K,  99% used [0x00000000e2a00000, 0x00000000e31ff640, 0x00000000e3200000)
  from space 1024K, 100% used [0x00000000e3300000, 0x00000000e3400000, 0x00000000e3400000)
  to   space 1024K,   0% used [0x00000000e3200000, 0x00000000e3200000, 0x00000000e3300000)
 tenured generation   total 20480K, used 3375K [0x00000000ec6a0000, 0x00000000edaa0000, 0x0000000100000000)
   the space 20480K,  16% used [0x00000000ec6a0000, 0x00000000ec9ebc80, 0x00000000ec9ebe00, 0x00000000edaa0000)
 Metaspace       used 12058K, capacity 12320K, committed 12416K, reserved 1060864K
  class space    used 1258K, capacity 1354K, committed 1408K, reserved 1048576K
Event: 2.660 GC heap after
Heap after GC invocations=4 (full 0):
 def new generation   total 9216K, used 1024K [0x00000000e2a00000, 0x00000000e3400000, 0x00000000ec6a0000)
  eden space 8192K,   0% used [0x00000000e2a00000, 0x00000000e2a00000, 0x00000000e3200000)
  from space 1024K, 100% used [0x00000000e3200000, 0x00000000e3300000, 0x00000000e3300000)
  to   space 1024K,   0% used [0x00000000e3300000, 0x00000000e3300000, 0x00000000e3400000)
 tenured generation   total 20480K, used 4102K [0x00000000ec6a0000, 0x00000000edaa0000, 0x0000000100000000)
   the space 20480K,  20% used [0x00000000ec6a0000, 0x00000000ecaa1b20, 0x00000000ecaa1c00, 0x00000000edaa0000)
 Metaspace       used 12058K, capacity 12320K, committed 12416K, reserved 1060864K
  class space    used 1258K, capacity 1354K, committed 1408K, reserved 1048576K
}
Event: 3.046 GC heap before
{Heap before GC invocations=4 (full 0):
 def new generation   total 9216K, used 9216K [0x00000000e2a00000, 0x00000000e3400000, 0x00000000ec6a0000)
  eden space 8192K, 100% used [0x00000000e2a00000, 0x00000000e3200000, 0x00000000e3200000)
  from space 1024K, 100% used [0x00000000e3200000, 0x00000000e3300000, 0x00000000e3300000)
  to   space 1024K,   0% used [0x00000000e3300000, 0x00000000e3300000, 0x00000000e3400000)
 tenured generation   total 20480K, used 4102K [0x00000000ec6a0000, 0x00000000edaa0000, 0x0000000100000000)
   the space 20480K,  20% used [0x00000000ec6a0000, 0x00000000ecaa1b20, 0x00000000ecaa1c00, 0x00000000edaa0000)
 Metaspace       used 13109K, capacity 13368K, committed 13568K, reserved 1060864K
  class space    used 1366K, capacity 1422K, committed 1536K, reserved 1048576K
Event: 3.051 GC heap after
Heap after GC invocations=5 (full 0):
 def new generation   total 9216K, used 1023K [0x00000000e2a00000, 0x00000000e3400000, 0x00000000ec6a0000)
  eden space 8192K,   0% used [0x00000000e2a00000, 0x00000000e2a00000, 0x00000000e3200000)
  from space 1024K,  99% used [0x00000000e3300000, 0x00000000e33fff88, 0x00000000e3400000)
  to   space 1024K,   0% used [0x00000000e3200000, 0x00000000e3200000, 0x00000000e3300000)
 tenured generation   total 20480K, used 4696K [0x00000000ec6a0000, 0x00000000edaa0000, 0x0000000100000000)
   the space 20480K,  22% used [0x00000000ec6a0000, 0x00000000ecb36030, 0x00000000ecb36200, 0x00000000edaa0000)
 Metaspace       used 13109K, capacity 13368K, committed 13568K, reserved 1060864K
  class space    used 1366K, capacity 1422K, committed 1536K, reserved 1048576K
}
Event: 3.266 GC heap before
{Heap before GC invocations=5 (full 0):
 def new generation   total 9216K, used 9215K [0x00000000e2a00000, 0x00000000e3400000, 0x00000000ec6a0000)
  eden space 8192K, 100% used [0x00000000e2a00000, 0x00000000e3200000, 0x00000000e3200000)
  from space 1024K,  99% used [0x00000000e3300000, 0x00000000e33fff88, 0x00000000e3400000)
  to   space 1024K,   0% used [0x00000000e3200000, 0x00000000e3200000, 0x00000000e3300000)
 tenured generation   total 20480K, used 4696K [0x00000000ec6a0000, 0x00000000edaa0000, 0x0000000100000000)
   the space 20480K,  22% used [0x00000000ec6a0000, 0x00000000ecb36030, 0x00000000ecb36200, 0x00000000edaa0000)
 Metaspace       used 13420K, capacity 13688K, committed 13824K, reserved 1060864K
  class space    used 1401K, capacity 1486K, committed 1536K, reserved 1048576K
Event: 3.270 GC heap after
Heap after GC invocations=6 (full 0):
 def new generation   total 9216K, used 556K [0x00000000e2a00000, 0x00000000e3400000, 0x00000000ec6a0000)
  eden space 8192K,   0% used [0x00000000e2a00000, 0x00000000e2a00000, 0x00000000e3200000)
  from space 1024K,  54% used [0x00000000e3200000, 0x00000000e328b248, 0x00000000e3300000)
  to   space 1024K,   0% used [0x00000000e3300000, 0x00000000e3300000, 0x00000000e3400000)
 tenured generation   total 20480K, used 5379K [0x00000000ec6a0000, 0x00000000edaa0000, 0x0000000100000000)
   the space 20480K,  26% used [0x00000000ec6a0000, 0x00000000ecbe0c30, 0x00000000ecbe0e00, 0x00000000edaa0000)
 Metaspace       used 13420K, capacity 13688K, committed 13824K, reserved 1060864K
  class space    used 1401K, capacity 1486K, committed 1536K, reserved 1048576K
}
Event: 3.465 GC heap before
{Heap before GC invocations=6 (full 0):
 def new generation   total 9216K, used 6550K [0x00000000e2a00000, 0x00000000e3400000, 0x00000000ec6a0000)
  eden space 8192K,  73% used [0x00000000e2a00000, 0x00000000e2fda6c8, 0x00000000e3200000)
  from space 1024K,  54% used [0x00000000e3200000, 0x00000000e328b248, 0x00000000e3300000)
  to   space 1024K,   0% used [0x00000000e3300000, 0x00000000e3300000, 0x00000000e3400000)
 tenured generation   total 20480K, used 5379K [0x00000000ec6a0000, 0x00000000edaa0000, 0x0000000100000000)
   the space 20480K,  26% used [0x00000000ec6a0000, 0x00000000ecbe0c30, 0x00000000ecbe0e00, 0x00000000edaa0000)
 Metaspace       used 14025K, capacity 14264K, committed 14464K, reserved 1062912K
  class space    used 1475K, capacity 1550K, committed 1664K, reserved 1048576K
Event: 3.490 GC heap after
Heap after GC invocations=7 (full 1):
 def new generation   total 9280K, used 0K [0x00000000e2a00000, 0x00000000e3410000, 0x00000000ec6a0000)
  eden space 8256K,   0% used [0x00000000e2a00000, 0x00000000e2a00000, 0x00000000e3210000)
  from space 1024K,   0% used [0x00000000e3210000, 0x00000000e3210000, 0x00000000e3310000)
  to   space 1024K,   0% used [0x00000000e3310000, 0x00000000e3310000, 0x00000000e3410000)
 tenured generation   total 20480K, used 5744K [0x00000000ec6a0000, 0x00000000edaa0000, 0x0000000100000000)
   the space 20480K,  28% used [0x00000000ec6a0000, 0x00000000ecc3c3e8, 0x00000000ecc3c400, 0x00000000edaa0000)
 Metaspace       used 14025K, capacity 14264K, committed 14464K, reserved 1062912K
  class space    used 1475K, capacity 1550K, committed 1664K, reserved 1048576K
}

